<?xml version="1.0" encoding="UTF-8"?>
<!-- Generated by org.testng.reporters.JUnitReportReporter -->
<testsuite skipped="0" hostname="LTB0206672-MAC.local" name="test.testCompare" tests="2" failures="0" timestamp="04 Jun 2019 09:22:34 GMT" time="0.038" errors="0">
  <testcase name="XMLtest" time="0.023" classname="test.testCompare"/>
  <testcase name="JSONtest" time="0.015" classname="test.testCompare"/>
</testsuite> <!-- test.testCompare -->
