<?xml version="1.0" encoding="UTF-8"?>
<!-- Generated by org.testng.reporters.JUnitReportReporter -->
<testsuite skipped="0" hostname="LTB0206672-MAC.local" name="test.test" tests="1" failures="0" timestamp="04 Jun 2019 06:11:27 GMT" time="532.752" errors="0">
  <testcase name="read" time="532.752" classname="test.test"/>
</testsuite> <!-- test.test -->
