<?xml version="1.0" encoding="UTF-8"?>
<!-- Generated by org.testng.reporters.JUnitReportReporter -->
<testsuite skipped="0" hostname="LTB0206672-MAC.local" name="weather.weatherApiTest" tests="1" failures="0" timestamp="03 Jun 2019 09:21:55 GMT" time="4.112" errors="0">
  <testcase name="getweather" time="4.112" classname="weather.weatherApiTest"/>
</testsuite> <!-- weather.weatherApiTest -->
