<?xml version="1.0" encoding="UTF-8"?>
<!-- Generated by org.testng.reporters.JUnitReportReporter -->
<testsuite skipped="0" hostname="LTB0206672-MAC.local" name="test.testCompare" tests="2" failures="0" timestamp="04 Jun 2019 10:59:16 GMT" time="0.061" errors="0">
  <testcase name="XMLtest" time="0.053" classname="test.testCompare"/>
  <testcase name="JSONtest" time="0.008" classname="test.testCompare"/>
</testsuite> <!-- test.testCompare -->
