<?xml version="1.0" encoding="UTF-8"?>
<!-- Generated by org.testng.reporters.JUnitReportReporter -->
<testsuite skipped="0" hostname="LTB0206672-MAC.local" name="test.Testcompare" tests="2" failures="0" timestamp="04 Jun 2019 12:35:30 GMT" time="0.372" errors="0">
  <testcase name="xmlTest" time="0.315" classname="test.Testcompare"/>
  <testcase name="jsonTest" time="0.057" classname="test.Testcompare"/>
</testsuite> <!-- test.Testcompare -->
